<?xml version="1.0" encoding="UTF-8"?>
<!-- Generated by org.testng.reporters.JUnitReportReporter -->
<testsuite hostname="DESKTOP-DH6BRJL" failures="0" tests="2" name="mvp.mavenjava.RestApiTest" time="0.000" errors="0" timestamp="2020-07-16T16:01:35 IST" skipped="0">
  <testcase classname="mvp.mavenjava.RestApiTest" name="opera" time="0.000"/>
  <system-out/>
  <testcase classname="mvp.mavenjava.RestApiTest" name="sagar" time="0.000"/>
  <system-out/>
</testsuite> <!-- mvp.mavenjava.RestApiTest -->
