<?xml version="1.0" encoding="UTF-8"?>
<!-- Generated by org.testng.reporters.JUnitReportReporter -->
<testsuite hostname="DESKTOP-DH6BRJL" failures="0" tests="1" name="mvp.mavenjava.SeleniumTest" time="0.001" errors="0" timestamp="2020-07-16T16:01:35 IST" skipped="0">
  <testcase classname="mvp.mavenjava.SeleniumTest" name="browser" time="0.001"/>
  <system-out/>
</testsuite> <!-- mvp.mavenjava.SeleniumTest -->
