<?xml version="1.0" encoding="UTF-8"?>
<!-- Generated by org.testng.reporters.JUnitReportReporter -->
<testsuite hostname="DESKTOP-DH6BRJL" failures="0" tests="1" name="mvp.mavenjava.AppiumTest" time="0.013" errors="0" timestamp="2020-07-16T16:01:35 IST" skipped="0">
  <testcase classname="mvp.mavenjava.AppiumTest" name="Android" time="0.013"/>
  <system-out/>
</testsuite> <!-- mvp.mavenjava.AppiumTest -->
